2026-02-21T16:57:45.732Z [INFO] [Lingo.dev] 游댃 Processing: POST /translations/en
2026-02-21T16:57:46.043Z [DEBUG] [Lingo.dev] POST /translations/en
2026-02-21T16:57:46.122Z [DEBUG] [Lingo.dev] Reading request body...
2026-02-21T16:57:46.167Z [DEBUG] [Lingo.dev] Chunk read, body: {"hashes":["2862c9e1b2e4","cd61a944cf48"]}
2026-02-21T16:57:46.282Z [DEBUG] [Lingo.dev] Parsed hashes: 2862c9e1b2e4,cd61a944cf48
2026-02-21T16:57:46.359Z [DEBUG] [Lingo.dev] Reloaded metadata: 0 entries
2026-02-21T16:57:46.444Z [INFO] [Lingo.dev] 游댃 Translating 2 hashes to en
2026-02-21T16:57:46.494Z [DEBUG] [Lingo.dev] 游댃 Hashes: 2862c9e1b2e4, cd61a944cf48
2026-02-21T16:57:46.596Z [DEBUG] [Lingo.dev] [BUSY] Server is now busy (1 active)
2026-02-21T16:57:46.710Z [DEBUG] [Lingo.dev] [IDLE] Server is now idle
2026-02-21T16:57:48.177Z [INFO] [Lingo.dev] 游닌 Received: POST /translations/en
2026-02-21T16:57:48.315Z [INFO] [Lingo.dev] 游댃 Processing: POST /translations/en
2026-02-21T16:57:48.425Z [DEBUG] [Lingo.dev] POST /translations/en
2026-02-21T16:57:48.610Z [DEBUG] [Lingo.dev] Reading request body...
2026-02-21T16:57:48.734Z [DEBUG] [Lingo.dev] Chunk read, body: {"hashes":["2862c9e1b2e4","cd61a944cf48"]}
2026-02-21T16:57:48.880Z [DEBUG] [Lingo.dev] Parsed hashes: 2862c9e1b2e4,cd61a944cf48
2026-02-21T16:57:48.959Z [DEBUG] [Lingo.dev] Reloaded metadata: 0 entries
2026-02-21T16:57:49.059Z [INFO] [Lingo.dev] 游댃 Translating 2 hashes to en
2026-02-21T16:57:49.178Z [DEBUG] [Lingo.dev] 游댃 Hashes: 2862c9e1b2e4, cd61a944cf48
2026-02-21T16:57:49.478Z [DEBUG] [Lingo.dev] [BUSY] Server is now busy (1 active)
2026-02-21T16:57:49.691Z [DEBUG] [Lingo.dev] [IDLE] Server is now idle
2026-02-21T17:15:28.197Z [INFO] [Lingo.dev] 游닌 Received: POST /translations/en
2026-02-21T17:15:28.326Z [INFO] [Lingo.dev] 游댃 Processing: POST /translations/en
2026-02-21T17:15:28.337Z [DEBUG] [Lingo.dev] POST /translations/en
2026-02-21T17:15:28.343Z [DEBUG] [Lingo.dev] Reading request body...
2026-02-21T17:15:28.362Z [DEBUG] [Lingo.dev] Chunk read, body: {"hashes":["2862c9e1b2e4","cd61a944cf48"]}
2026-02-21T17:15:28.496Z [DEBUG] [Lingo.dev] Parsed hashes: 2862c9e1b2e4,cd61a944cf48
2026-02-21T17:15:28.593Z [DEBUG] [Lingo.dev] Reloaded metadata: 0 entries
2026-02-21T17:15:28.649Z [INFO] [Lingo.dev] 游댃 Translating 2 hashes to en
2026-02-21T17:15:28.706Z [DEBUG] [Lingo.dev] 游댃 Hashes: 2862c9e1b2e4, cd61a944cf48
2026-02-21T17:15:28.819Z [DEBUG] [Lingo.dev] [BUSY] Server is now busy (1 active)
2026-02-21T17:15:28.897Z [DEBUG] [Lingo.dev] [IDLE] Server is now idle
2026-02-21T17:17:22.729Z [INFO] [Lingo.dev] 游닌 Received: POST /translations/en
2026-02-21T17:17:22.865Z [INFO] [Lingo.dev] 游댃 Processing: POST /translations/en
2026-02-21T17:17:22.878Z [DEBUG] [Lingo.dev] POST /translations/en
2026-02-21T17:17:22.882Z [DEBUG] [Lingo.dev] Reading request body...
2026-02-21T17:17:22.892Z [DEBUG] [Lingo.dev] Chunk read, body: {"hashes":["2862c9e1b2e4","cd61a944cf48"]}
2026-02-21T17:17:23.022Z [DEBUG] [Lingo.dev] Parsed hashes: 2862c9e1b2e4,cd61a944cf48
2026-02-21T17:17:23.086Z [DEBUG] [Lingo.dev] Reloaded metadata: 1 entries
2026-02-21T17:17:23.154Z [INFO] [Lingo.dev] 游댃 Translating 2 hashes to en
2026-02-21T17:17:23.223Z [DEBUG] [Lingo.dev] 游댃 Hashes: 2862c9e1b2e4, cd61a944cf48
2026-02-21T17:17:23.263Z [DEBUG] [Lingo.dev] [BUSY] Server is now busy (1 active)
2026-02-21T17:17:23.329Z [DEBUG] [Lingo.dev] [IDLE] Server is now idle
2026-02-21T17:17:53.997Z [INFO] [Lingo.dev] 游닌 Received: POST /translations/en
2026-02-21T17:17:54.260Z [INFO] [Lingo.dev] 游댃 Processing: POST /translations/en
2026-02-21T17:17:54.348Z [DEBUG] [Lingo.dev] POST /translations/en
2026-02-21T17:17:54.411Z [DEBUG] [Lingo.dev] Reading request body...
2026-02-21T17:17:54.462Z [DEBUG] [Lingo.dev] Chunk read, body: {"hashes":["2862c9e1b2e4","cd61a944cf48"]}
2026-02-21T17:17:54.523Z [DEBUG] [Lingo.dev] Parsed hashes: 2862c9e1b2e4,cd61a944cf48
2026-02-21T17:17:54.580Z [DEBUG] [Lingo.dev] Reloaded metadata: 1 entries
2026-02-21T17:17:54.768Z [INFO] [Lingo.dev] 游댃 Translating 2 hashes to en
2026-02-21T17:17:55.070Z [DEBUG] [Lingo.dev] 游댃 Hashes: 2862c9e1b2e4, cd61a944cf48
2026-02-21T17:17:55.277Z [DEBUG] [Lingo.dev] [BUSY] Server is now busy (1 active)
2026-02-21T17:17:55.349Z [INFO] [Lingo.dev] 游닌 Received: OPTIONS /translations/en
2026-02-21T17:17:55.394Z [INFO] [Lingo.dev] 游댃 Processing: OPTIONS /translations/en
2026-02-21T17:17:55.534Z [DEBUG] [Lingo.dev] OPTIONS /translations/en
2026-02-21T17:17:55.609Z [DEBUG] [Lingo.dev] [IDLE] Server is now idle
2026-02-21T17:17:55.656Z [INFO] [Lingo.dev] 游닌 Received: POST /translations/en
2026-02-21T17:17:55.883Z [INFO] [Lingo.dev] 游댃 Processing: POST /translations/en
2026-02-21T17:17:55.965Z [DEBUG] [Lingo.dev] POST /translations/en
2026-02-21T17:17:56.353Z [DEBUG] [Lingo.dev] Reading request body...
2026-02-21T17:17:56.512Z [DEBUG] [Lingo.dev] Chunk read, body: {"hashes":["2862c9e1b2e4","cd61a944cf48"]}
2026-02-21T17:17:56.588Z [DEBUG] [Lingo.dev] Parsed hashes: 2862c9e1b2e4,cd61a944cf48
2026-02-21T17:17:56.607Z [DEBUG] [Lingo.dev] Reloaded metadata: 1 entries
2026-02-21T17:17:56.677Z [INFO] [Lingo.dev] 游댃 Translating 2 hashes to en
2026-02-21T17:17:56.813Z [DEBUG] [Lingo.dev] 游댃 Hashes: 2862c9e1b2e4, cd61a944cf48
2026-02-21T17:17:56.952Z [DEBUG] [Lingo.dev] [BUSY] Server is now busy (1 active)
2026-02-21T17:17:57.037Z [DEBUG] [Lingo.dev] [IDLE] Server is now idle
2026-02-21T17:17:57.346Z [DEBUG] [Lingo.dev] WebSocket client connected. Total clients: 1
2026-02-21T17:17:57.629Z [INFO] [Lingo.dev] 游닌 Received: POST /translations/en
2026-02-21T17:17:57.910Z [INFO] [Lingo.dev] 游댃 Processing: POST /translations/en
2026-02-21T17:17:58.111Z [DEBUG] [Lingo.dev] POST /translations/en
2026-02-21T17:17:58.125Z [DEBUG] [Lingo.dev] Reading request body...
2026-02-21T17:17:58.142Z [DEBUG] [Lingo.dev] Chunk read, body: {"hashes":["aadd25a89867","4f6d7dfeff4e","2e29f9a3bbfe","b67939fb9e06","d00c90e747ee","fbc598264bc1","01335d4f1b0b","43d4e952a176"]}
2026-02-21T17:17:58.253Z [DEBUG] [Lingo.dev] Parsed hashes: aadd25a89867,4f6d7dfeff4e,2e29f9a3bbfe,b67939fb9e06,d00c90e747ee,fbc598264bc1,01335d4f1b0b,43d4e952a176
2026-02-21T17:17:58.298Z [DEBUG] [Lingo.dev] Reloaded metadata: 1 entries
2026-02-21T17:17:58.434Z [INFO] [Lingo.dev] 游댃 Translating 8 hashes to en
2026-02-21T17:17:58.631Z [DEBUG] [Lingo.dev] 游댃 Hashes: aadd25a89867, 4f6d7dfeff4e, 2e29f9a3bbfe, b67939fb9e06, d00c90e747ee, fbc598264bc1, 01335d4f1b0b, 43d4e952a176
2026-02-21T17:17:58.675Z [DEBUG] [Lingo.dev] [BUSY] Server is now busy (1 active)
2026-02-21T17:17:58.717Z [DEBUG] [Lingo.dev] [IDLE] Server is now idle
2026-02-21T17:18:13.420Z [INFO] [Lingo.dev] 游닌 Received: POST /translations/en
2026-02-21T17:18:13.491Z [INFO] [Lingo.dev] 游댃 Processing: POST /translations/en
2026-02-21T17:18:13.681Z [DEBUG] [Lingo.dev] POST /translations/en
2026-02-21T17:18:13.765Z [DEBUG] [Lingo.dev] Reading request body...
2026-02-21T17:18:13.793Z [DEBUG] [Lingo.dev] Chunk read, body: {"hashes":["2862c9e1b2e4","cd61a944cf48"]}
2026-02-21T17:18:13.858Z [DEBUG] [Lingo.dev] Parsed hashes: 2862c9e1b2e4,cd61a944cf48
2026-02-21T17:18:13.895Z [DEBUG] [Lingo.dev] Reloaded metadata: 3 entries
2026-02-21T17:18:13.947Z [INFO] [Lingo.dev] 游댃 Translating 2 hashes to en
2026-02-21T17:18:14.047Z [DEBUG] [Lingo.dev] 游댃 Hashes: 2862c9e1b2e4, cd61a944cf48
2026-02-21T17:18:14.144Z [DEBUG] [Lingo.dev] [BUSY] Server is now busy (1 active)
2026-02-21T17:18:14.213Z [DEBUG] [Lingo.dev] WebSocket client disconnected. Total clients: 0
2026-02-21T17:18:14.294Z [DEBUG] [Lingo.dev] [IDLE] Server is now idle
2026-02-21T17:18:19.304Z [DEBUG] [Lingo.dev] WebSocket client connected. Total clients: 1
2026-02-21T17:18:19.436Z [DEBUG] [Lingo.dev] WebSocket client connected. Total clients: 2
2026-02-21T17:18:19.618Z [INFO] [Lingo.dev] 游닌 Received: OPTIONS /translations/en
2026-02-21T17:18:19.622Z [INFO] [Lingo.dev] 游댃 Processing: OPTIONS /translations/en
2026-02-21T17:18:19.656Z [DEBUG] [Lingo.dev] OPTIONS /translations/en
2026-02-21T17:18:19.661Z [INFO] [Lingo.dev] 游닌 Received: POST /translations/en
2026-02-21T17:18:19.665Z [INFO] [Lingo.dev] 游댃 Processing: POST /translations/en
2026-02-21T17:18:19.673Z [DEBUG] [Lingo.dev] POST /translations/en
2026-02-21T17:18:19.678Z [DEBUG] [Lingo.dev] Reading request body...
2026-02-21T17:18:19.681Z [DEBUG] [Lingo.dev] Chunk read, body: {"hashes":["0b054301b57d","9426f7803679","4f6d7dfeff4e","2e29f9a3bbfe","b67939fb9e06","d00c90e747ee","fbc598264bc1","01335d4f1b0b","43d4e952a176"]}
2026-02-21T17:18:19.688Z [DEBUG] [Lingo.dev] Parsed hashes: 0b054301b57d,9426f7803679,4f6d7dfeff4e,2e29f9a3bbfe,b67939fb9e06,d00c90e747ee,fbc598264bc1,01335d4f1b0b,43d4e952a176
2026-02-21T17:18:19.694Z [DEBUG] [Lingo.dev] Reloaded metadata: 3 entries
2026-02-21T17:18:19.707Z [INFO] [Lingo.dev] 游댃 Translating 9 hashes to en
2026-02-21T17:18:19.728Z [DEBUG] [Lingo.dev] 游댃 Hashes: 0b054301b57d, 9426f7803679, 4f6d7dfeff4e, 2e29f9a3bbfe, b67939fb9e06, d00c90e747ee, fbc598264bc1, 01335d4f1b0b, 43d4e952a176
2026-02-21T17:18:19.762Z [DEBUG] [Lingo.dev] [BUSY] Server is now busy (1 active)
2026-02-21T17:18:20.182Z [DEBUG] [Lingo.dev] [IDLE] Server is now idle
2026-02-21T17:18:20.611Z [INFO] [Lingo.dev] 游닌 Received: OPTIONS /translations/en
2026-02-21T17:18:20.624Z [INFO] [Lingo.dev] 游댃 Processing: OPTIONS /translations/en
2026-02-21T17:18:20.627Z [DEBUG] [Lingo.dev] OPTIONS /translations/en
2026-02-21T17:18:20.631Z [INFO] [Lingo.dev] 游닌 Received: POST /translations/en
2026-02-21T17:18:20.634Z [INFO] [Lingo.dev] 游댃 Processing: POST /translations/en
2026-02-21T17:18:20.637Z [DEBUG] [Lingo.dev] POST /translations/en
2026-02-21T17:18:20.640Z [DEBUG] [Lingo.dev] Reading request body...
2026-02-21T17:18:20.643Z [DEBUG] [Lingo.dev] Chunk read, body: {"hashes":["4f6d7dfeff4e","2e29f9a3bbfe","b67939fb9e06","d00c90e747ee","fbc598264bc1","01335d4f1b0b","43d4e952a176"]}
2026-02-21T17:18:20.646Z [DEBUG] [Lingo.dev] Parsed hashes: 4f6d7dfeff4e,2e29f9a3bbfe,b67939fb9e06,d00c90e747ee,fbc598264bc1,01335d4f1b0b,43d4e952a176
2026-02-21T17:18:20.649Z [DEBUG] [Lingo.dev] Reloaded metadata: 3 entries
2026-02-21T17:18:20.651Z [INFO] [Lingo.dev] 游댃 Translating 7 hashes to en
2026-02-21T17:18:20.654Z [DEBUG] [Lingo.dev] 游댃 Hashes: 4f6d7dfeff4e, 2e29f9a3bbfe, b67939fb9e06, d00c90e747ee, fbc598264bc1, 01335d4f1b0b, 43d4e952a176
2026-02-21T17:18:20.657Z [DEBUG] [Lingo.dev] [BUSY] Server is now busy (1 active)
2026-02-21T17:18:21.133Z [DEBUG] [Lingo.dev] [IDLE] Server is now idle
2026-02-21T17:18:23.574Z [INFO] [Lingo.dev] 游닌 Received: POST /translations/en
2026-02-21T17:18:23.612Z [INFO] [Lingo.dev] 游댃 Processing: POST /translations/en
2026-02-21T17:18:23.778Z [DEBUG] [Lingo.dev] POST /translations/en
2026-02-21T17:18:23.815Z [DEBUG] [Lingo.dev] Reading request body...
2026-02-21T17:18:23.880Z [DEBUG] [Lingo.dev] Chunk read, body: {"hashes":["2862c9e1b2e4","cd61a944cf48"]}
2026-02-21T17:18:23.909Z [DEBUG] [Lingo.dev] Parsed hashes: 2862c9e1b2e4,cd61a944cf48
2026-02-21T17:18:24.036Z [DEBUG] [Lingo.dev] Reloaded metadata: 3 entries
2026-02-21T17:18:24.049Z [INFO] [Lingo.dev] 游댃 Translating 2 hashes to en
2026-02-21T17:18:24.155Z [DEBUG] [Lingo.dev] 游댃 Hashes: 2862c9e1b2e4, cd61a944cf48
2026-02-21T17:18:24.272Z [DEBUG] [Lingo.dev] [BUSY] Server is now busy (1 active)
2026-02-21T17:18:24.396Z [DEBUG] [Lingo.dev] WebSocket client disconnected. Total clients: 1
2026-02-21T17:18:24.431Z [DEBUG] [Lingo.dev] [IDLE] Server is now idle
2026-02-21T17:18:26.695Z [DEBUG] [Lingo.dev] WebSocket client connected. Total clients: 2
2026-02-21T17:18:27.590Z [INFO] [Lingo.dev] 游닌 Received: OPTIONS /translations/en
2026-02-21T17:18:27.600Z [INFO] [Lingo.dev] 游댃 Processing: OPTIONS /translations/en
2026-02-21T17:18:27.605Z [DEBUG] [Lingo.dev] OPTIONS /translations/en
2026-02-21T17:18:27.608Z [INFO] [Lingo.dev] 游닌 Received: POST /translations/en
2026-02-21T17:18:27.611Z [INFO] [Lingo.dev] 游댃 Processing: POST /translations/en
2026-02-21T17:18:27.613Z [DEBUG] [Lingo.dev] POST /translations/en
2026-02-21T17:18:27.616Z [DEBUG] [Lingo.dev] Reading request body...
2026-02-21T17:18:27.618Z [DEBUG] [Lingo.dev] Chunk read, body: {"hashes":["0b054301b57d","9426f7803679","4f6d7dfeff4e","2e29f9a3bbfe","b67939fb9e06","d00c90e747ee","fbc598264bc1","01335d4f1b0b","43d4e952a176"]}
2026-02-21T17:18:27.621Z [DEBUG] [Lingo.dev] Parsed hashes: 0b054301b57d,9426f7803679,4f6d7dfeff4e,2e29f9a3bbfe,b67939fb9e06,d00c90e747ee,fbc598264bc1,01335d4f1b0b,43d4e952a176
2026-02-21T17:18:27.624Z [DEBUG] [Lingo.dev] Reloaded metadata: 3 entries
2026-02-21T17:18:27.627Z [INFO] [Lingo.dev] 游댃 Translating 9 hashes to en
2026-02-21T17:18:27.630Z [DEBUG] [Lingo.dev] 游댃 Hashes: 0b054301b57d, 9426f7803679, 4f6d7dfeff4e, 2e29f9a3bbfe, b67939fb9e06, d00c90e747ee, fbc598264bc1, 01335d4f1b0b, 43d4e952a176
2026-02-21T17:18:27.632Z [DEBUG] [Lingo.dev] [BUSY] Server is now busy (1 active)
2026-02-21T17:18:28.120Z [DEBUG] [Lingo.dev] [IDLE] Server is now idle
2026-02-21T17:19:13.160Z [INFO] [Lingo.dev] Port 60000 is available, starting new server...
2026-02-21T17:19:13.883Z [INFO] [Lingo.dev] 游댢 Initializing translator...
2026-02-21T17:19:13.936Z [DEBUG] [Lingo.dev] Starting translation server on port 60000
2026-02-21T17:19:13.937Z [INFO] [Lingo.dev] Translation server listening on http://127.0.0.1:60000
2026-02-21T17:19:13.938Z [INFO] [Lingo.dev] WebSocket server initialized
2026-02-21T17:19:13.939Z [DEBUG] [Lingo.dev] WebSocket client connected. Total clients: 1
2026-02-21T17:19:14.583Z [DEBUG] [Lingo.dev] WebSocket client connected. Total clients: 2
2026-02-21T17:19:20.554Z [INFO] [Lingo.dev] 游닌 Received: POST /translations/en
2026-02-21T17:19:20.832Z [INFO] [Lingo.dev] 游댃 Processing: POST /translations/en
2026-02-21T17:19:21.001Z [DEBUG] [Lingo.dev] POST /translations/en
2026-02-21T17:19:21.100Z [DEBUG] [Lingo.dev] Reading request body...
2026-02-21T17:19:21.172Z [DEBUG] [Lingo.dev] Chunk read, body: {"hashes":["2862c9e1b2e4","cd61a944cf48"]}
2026-02-21T17:19:21.226Z [DEBUG] [Lingo.dev] Parsed hashes: 2862c9e1b2e4,cd61a944cf48
2026-02-21T17:19:21.268Z [DEBUG] [Lingo.dev] Reloaded metadata: 3 entries
2026-02-21T17:19:21.314Z [INFO] [Lingo.dev] 游댃 Translating 2 hashes to en
2026-02-21T17:19:21.378Z [DEBUG] [Lingo.dev] 游댃 Hashes: 2862c9e1b2e4, cd61a944cf48
2026-02-21T17:19:21.496Z [DEBUG] [Lingo.dev] [BUSY] Server is now busy (1 active)
2026-02-21T17:19:21.563Z [INFO] [Lingo.dev] 游닌 Received: POST /translations/en
2026-02-21T17:19:21.635Z [INFO] [Lingo.dev] 游댃 Processing: POST /translations/en
2026-02-21T17:19:21.679Z [DEBUG] [Lingo.dev] POST /translations/en
2026-02-21T17:19:21.740Z [DEBUG] [Lingo.dev] Reading request body...
2026-02-21T17:19:21.776Z [DEBUG] [Lingo.dev] Chunk read, body: {"hashes":["2862c9e1b2e4","cd61a944cf48"]}
2026-02-21T17:19:21.819Z [DEBUG] [Lingo.dev] Parsed hashes: 2862c9e1b2e4,cd61a944cf48
2026-02-21T17:19:21.875Z [DEBUG] [Lingo.dev] Reloaded metadata: 3 entries
2026-02-21T17:19:21.919Z [INFO] [Lingo.dev] 游댃 Translating 2 hashes to en
2026-02-21T17:19:21.963Z [DEBUG] [Lingo.dev] 游댃 Hashes: 2862c9e1b2e4, cd61a944cf48
2026-02-21T17:19:22.003Z [DEBUG] [Lingo.dev] WebSocket client disconnected. Total clients: 1
2026-02-21T17:19:22.065Z [DEBUG] [Lingo.dev] WebSocket client disconnected. Total clients: 0
2026-02-21T17:19:22.150Z [DEBUG] [Lingo.dev] [IDLE] Server is now idle
2026-02-21T17:19:22.981Z [DEBUG] [Lingo.dev] WebSocket client connected. Total clients: 1
2026-02-21T17:19:23.198Z [DEBUG] [Lingo.dev] WebSocket client connected. Total clients: 2
2026-02-21T17:19:23.592Z [INFO] [Lingo.dev] 游닌 Received: OPTIONS /translations/en
2026-02-21T17:19:23.627Z [INFO] [Lingo.dev] 游댃 Processing: OPTIONS /translations/en
2026-02-21T17:19:23.644Z [DEBUG] [Lingo.dev] OPTIONS /translations/en
2026-02-21T17:19:23.653Z [INFO] [Lingo.dev] 游닌 Received: POST /translations/en
2026-02-21T17:19:23.736Z [INFO] [Lingo.dev] 游댃 Processing: POST /translations/en
2026-02-21T17:19:23.756Z [DEBUG] [Lingo.dev] POST /translations/en
2026-02-21T17:19:23.770Z [DEBUG] [Lingo.dev] Reading request body...
2026-02-21T17:19:23.779Z [DEBUG] [Lingo.dev] Chunk read, body: {"hashes":["0b054301b57d","9426f7803679","4f6d7dfeff4e","2e29f9a3bbfe","b67939fb9e06","d00c90e747ee","fbc598264bc1","01335d4f1b0b","43d4e952a176"]}
2026-02-21T17:19:23.790Z [DEBUG] [Lingo.dev] Parsed hashes: 0b054301b57d,9426f7803679,4f6d7dfeff4e,2e29f9a3bbfe,b67939fb9e06,d00c90e747ee,fbc598264bc1,01335d4f1b0b,43d4e952a176
2026-02-21T17:19:23.814Z [DEBUG] [Lingo.dev] Reloaded metadata: 3 entries
2026-02-21T17:19:23.846Z [INFO] [Lingo.dev] 游댃 Translating 9 hashes to en
2026-02-21T17:19:23.860Z [DEBUG] [Lingo.dev] 游댃 Hashes: 0b054301b57d, 9426f7803679, 4f6d7dfeff4e, 2e29f9a3bbfe, b67939fb9e06, d00c90e747ee, fbc598264bc1, 01335d4f1b0b, 43d4e952a176
2026-02-21T17:19:23.888Z [DEBUG] [Lingo.dev] [BUSY] Server is now busy (1 active)
2026-02-21T17:19:23.904Z [INFO] [Lingo.dev] 游닌 Received: OPTIONS /translations/en
2026-02-21T17:19:23.917Z [INFO] [Lingo.dev] 游댃 Processing: OPTIONS /translations/en
2026-02-21T17:19:23.932Z [DEBUG] [Lingo.dev] OPTIONS /translations/en
2026-02-21T17:19:23.959Z [INFO] [Lingo.dev] 游닌 Received: POST /translations/en
2026-02-21T17:19:23.977Z [INFO] [Lingo.dev] 游댃 Processing: POST /translations/en
2026-02-21T17:19:23.997Z [DEBUG] [Lingo.dev] POST /translations/en
2026-02-21T17:19:24.030Z [DEBUG] [Lingo.dev] Reading request body...
2026-02-21T17:19:24.055Z [DEBUG] [Lingo.dev] Chunk read, body: {"hashes":["0b054301b57d","9426f7803679","4f6d7dfeff4e","2e29f9a3bbfe","b67939fb9e06","d00c90e747ee","fbc598264bc1","01335d4f1b0b","43d4e952a176"]}
2026-02-21T17:19:24.078Z [DEBUG] [Lingo.dev] Parsed hashes: 0b054301b57d,9426f7803679,4f6d7dfeff4e,2e29f9a3bbfe,b67939fb9e06,d00c90e747ee,fbc598264bc1,01335d4f1b0b,43d4e952a176
2026-02-21T17:19:24.104Z [DEBUG] [Lingo.dev] Reloaded metadata: 3 entries
2026-02-21T17:19:24.130Z [INFO] [Lingo.dev] 游댃 Translating 9 hashes to en
2026-02-21T17:19:24.155Z [DEBUG] [Lingo.dev] 游댃 Hashes: 0b054301b57d, 9426f7803679, 4f6d7dfeff4e, 2e29f9a3bbfe, b67939fb9e06, d00c90e747ee, fbc598264bc1, 01335d4f1b0b, 43d4e952a176
2026-02-21T17:19:24.186Z [DEBUG] [Lingo.dev] [IDLE] Server is now idle
2026-02-21T17:20:13.060Z [INFO] [Lingo.dev] 游닌 Received: POST /translations/en
2026-02-21T17:20:13.289Z [INFO] [Lingo.dev] 游댃 Processing: POST /translations/en
2026-02-21T17:20:13.490Z [DEBUG] [Lingo.dev] POST /translations/en
2026-02-21T17:20:13.619Z [DEBUG] [Lingo.dev] Reading request body...
2026-02-21T17:20:13.775Z [DEBUG] [Lingo.dev] Chunk read, body: {"hashes":["2862c9e1b2e4","cd61a944cf48"]}
2026-02-21T17:20:13.886Z [DEBUG] [Lingo.dev] Parsed hashes: 2862c9e1b2e4,cd61a944cf48
2026-02-21T17:20:13.969Z [DEBUG] [Lingo.dev] Reloaded metadata: 5 entries
2026-02-21T17:20:14.054Z [INFO] [Lingo.dev] 游댃 Translating 2 hashes to en
2026-02-21T17:20:14.107Z [DEBUG] [Lingo.dev] 游댃 Hashes: 2862c9e1b2e4, cd61a944cf48
2026-02-21T17:20:14.394Z [DEBUG] [Lingo.dev] [BUSY] Server is now busy (1 active)
2026-02-21T17:20:14.527Z [INFO] [Lingo.dev] 游닌 Received: POST /translations/en
2026-02-21T17:20:14.592Z [INFO] [Lingo.dev] 游댃 Processing: POST /translations/en
2026-02-21T17:20:14.642Z [DEBUG] [Lingo.dev] POST /translations/en
2026-02-21T17:20:14.695Z [DEBUG] [Lingo.dev] Reading request body...
2026-02-21T17:20:14.771Z [DEBUG] [Lingo.dev] Chunk read, body: {"hashes":["2862c9e1b2e4","cd61a944cf48"]}
2026-02-21T17:20:14.810Z [DEBUG] [Lingo.dev] Parsed hashes: 2862c9e1b2e4,cd61a944cf48
2026-02-21T17:20:14.890Z [DEBUG] [Lingo.dev] Reloaded metadata: 5 entries
2026-02-21T17:20:14.959Z [INFO] [Lingo.dev] 游댃 Translating 2 hashes to en
2026-02-21T17:20:15.092Z [DEBUG] [Lingo.dev] 游댃 Hashes: 2862c9e1b2e4, cd61a944cf48
2026-02-21T17:20:15.175Z [DEBUG] [Lingo.dev] WebSocket client disconnected. Total clients: 1
2026-02-21T17:20:15.251Z [DEBUG] [Lingo.dev] WebSocket client disconnected. Total clients: 0
2026-02-21T17:20:15.311Z [DEBUG] [Lingo.dev] [IDLE] Server is now idle
2026-02-21T17:20:16.257Z [INFO] [Lingo.dev] 游닌 Received: OPTIONS /translations/en
2026-02-21T17:20:16.301Z [INFO] [Lingo.dev] 游댃 Processing: OPTIONS /translations/en
2026-02-21T17:20:16.409Z [DEBUG] [Lingo.dev] OPTIONS /translations/en
2026-02-21T17:20:16.609Z [DEBUG] [Lingo.dev] WebSocket client connected. Total clients: 1
2026-02-21T17:20:16.679Z [INFO] [Lingo.dev] 游닌 Received: POST /translations/en
2026-02-21T17:20:16.717Z [INFO] [Lingo.dev] 游댃 Processing: POST /translations/en
2026-02-21T17:20:16.790Z [DEBUG] [Lingo.dev] POST /translations/en
2026-02-21T17:20:16.809Z [DEBUG] [Lingo.dev] Reading request body...
2026-02-21T17:20:16.837Z [DEBUG] [Lingo.dev] Chunk read, body: {"hashes":["0b054301b57d","9426f7803679","4f6d7dfeff4e","2e29f9a3bbfe","b67939fb9e06","d00c90e747ee","fbc598264bc1","01335d4f1b0b","43d4e952a176"]}
2026-02-21T17:20:16.868Z [DEBUG] [Lingo.dev] Parsed hashes: 0b054301b57d,9426f7803679,4f6d7dfeff4e,2e29f9a3bbfe,b67939fb9e06,d00c90e747ee,fbc598264bc1,01335d4f1b0b,43d4e952a176
2026-02-21T17:20:16.956Z [DEBUG] [Lingo.dev] Reloaded metadata: 5 entries
2026-02-21T17:20:17.051Z [INFO] [Lingo.dev] 游댃 Translating 9 hashes to en
2026-02-21T17:20:17.236Z [DEBUG] [Lingo.dev] 游댃 Hashes: 0b054301b57d, 9426f7803679, 4f6d7dfeff4e, 2e29f9a3bbfe, b67939fb9e06, d00c90e747ee, fbc598264bc1, 01335d4f1b0b, 43d4e952a176
2026-02-21T17:20:17.367Z [DEBUG] [Lingo.dev] [BUSY] Server is now busy (1 active)
2026-02-21T17:20:17.564Z [DEBUG] [Lingo.dev] [IDLE] Server is now idle
2026-02-21T17:20:19.809Z [DEBUG] [Lingo.dev] WebSocket client connected. Total clients: 2
2026-02-21T17:20:20.580Z [INFO] [Lingo.dev] 游닌 Received: OPTIONS /translations/en
2026-02-21T17:20:20.610Z [INFO] [Lingo.dev] 游댃 Processing: OPTIONS /translations/en
2026-02-21T17:20:20.615Z [DEBUG] [Lingo.dev] OPTIONS /translations/en
2026-02-21T17:20:20.620Z [INFO] [Lingo.dev] 游닌 Received: POST /translations/en
2026-02-21T17:20:20.627Z [INFO] [Lingo.dev] 游댃 Processing: POST /translations/en
2026-02-21T17:20:20.633Z [DEBUG] [Lingo.dev] POST /translations/en
2026-02-21T17:20:20.643Z [DEBUG] [Lingo.dev] Reading request body...
2026-02-21T17:20:20.652Z [DEBUG] [Lingo.dev] Chunk read, body: {"hashes":["0b054301b57d","9426f7803679","4f6d7dfeff4e","2e29f9a3bbfe","b67939fb9e06","d00c90e747ee","fbc598264bc1","01335d4f1b0b","43d4e952a176"]}
2026-02-21T17:20:20.665Z [DEBUG] [Lingo.dev] Parsed hashes: 0b054301b57d,9426f7803679,4f6d7dfeff4e,2e29f9a3bbfe,b67939fb9e06,d00c90e747ee,fbc598264bc1,01335d4f1b0b,43d4e952a176
2026-02-21T17:20:20.688Z [DEBUG] [Lingo.dev] Reloaded metadata: 5 entries
2026-02-21T17:20:20.713Z [INFO] [Lingo.dev] 游댃 Translating 9 hashes to en
2026-02-21T17:20:20.729Z [DEBUG] [Lingo.dev] 游댃 Hashes: 0b054301b57d, 9426f7803679, 4f6d7dfeff4e, 2e29f9a3bbfe, b67939fb9e06, d00c90e747ee, fbc598264bc1, 01335d4f1b0b, 43d4e952a176
2026-02-21T17:20:20.740Z [DEBUG] [Lingo.dev] [BUSY] Server is now busy (1 active)
2026-02-21T17:20:21.119Z [DEBUG] [Lingo.dev] [IDLE] Server is now idle
2026-02-21T17:23:33.321Z [INFO] [Lingo.dev] 游닌 Received: POST /translations/en
2026-02-21T17:23:33.387Z [INFO] [Lingo.dev] 游댃 Processing: POST /translations/en
2026-02-21T17:23:33.606Z [DEBUG] [Lingo.dev] POST /translations/en
2026-02-21T17:23:33.722Z [DEBUG] [Lingo.dev] Reading request body...
2026-02-21T17:23:33.798Z [DEBUG] [Lingo.dev] Chunk read, body: {"hashes":["2862c9e1b2e4","cd61a944cf48"]}
2026-02-21T17:23:33.840Z [DEBUG] [Lingo.dev] Parsed hashes: 2862c9e1b2e4,cd61a944cf48
2026-02-21T17:23:33.906Z [DEBUG] [Lingo.dev] Reloaded metadata: 5 entries
2026-02-21T17:23:33.994Z [INFO] [Lingo.dev] 游댃 Translating 2 hashes to en
2026-02-21T17:23:34.063Z [DEBUG] [Lingo.dev] 游댃 Hashes: 2862c9e1b2e4, cd61a944cf48
2026-02-21T17:23:34.179Z [DEBUG] [Lingo.dev] [BUSY] Server is now busy (1 active)
2026-02-21T17:23:34.247Z [DEBUG] [Lingo.dev] WebSocket client disconnected. Total clients: 1
2026-02-21T17:23:34.306Z [DEBUG] [Lingo.dev] [IDLE] Server is now idle
2026-02-21T17:23:57.412Z [INFO] [Lingo.dev] 游닌 Received: OPTIONS /translations/en
2026-02-21T17:23:57.801Z [INFO] [Lingo.dev] 游댃 Processing: OPTIONS /translations/en
2026-02-21T17:23:58.026Z [DEBUG] [Lingo.dev] OPTIONS /translations/en
2026-02-21T17:23:58.162Z [INFO] [Lingo.dev] 游닌 Received: POST /translations/en
2026-02-21T17:23:58.243Z [INFO] [Lingo.dev] 游댃 Processing: POST /translations/en
2026-02-21T17:23:58.312Z [DEBUG] [Lingo.dev] POST /translations/en
2026-02-21T17:23:58.425Z [DEBUG] [Lingo.dev] Reading request body...
2026-02-21T17:23:58.498Z [DEBUG] [Lingo.dev] Chunk read, body: {"hashes":["2862c9e1b2e4","cd61a944cf48"]}
2026-02-21T17:23:58.549Z [DEBUG] [Lingo.dev] Parsed hashes: 2862c9e1b2e4,cd61a944cf48
2026-02-21T17:23:58.659Z [DEBUG] [Lingo.dev] Reloaded metadata: 5 entries
2026-02-21T17:23:58.693Z [INFO] [Lingo.dev] 游댃 Translating 2 hashes to en
2026-02-21T17:23:58.717Z [DEBUG] [Lingo.dev] 游댃 Hashes: 2862c9e1b2e4, cd61a944cf48
2026-02-21T17:23:58.730Z [DEBUG] [Lingo.dev] [BUSY] Server is now busy (1 active)
2026-02-21T17:23:58.767Z [INFO] [Lingo.dev] 游닌 Received: POST /translations/en
2026-02-21T17:23:58.795Z [INFO] [Lingo.dev] 游댃 Processing: POST /translations/en
2026-02-21T17:23:58.819Z [DEBUG] [Lingo.dev] POST /translations/en
2026-02-21T17:23:58.861Z [DEBUG] [Lingo.dev] Reading request body...
2026-02-21T17:23:58.885Z [DEBUG] [Lingo.dev] Chunk read, body: {"hashes":["0b054301b57d","9426f7803679","4f6d7dfeff4e","2e29f9a3bbfe","b67939fb9e06","d00c90e747ee","fbc598264bc1","01335d4f1b0b","43d4e952a176"]}
2026-02-21T17:23:58.931Z [DEBUG] [Lingo.dev] Parsed hashes: 0b054301b57d,9426f7803679,4f6d7dfeff4e,2e29f9a3bbfe,b67939fb9e06,d00c90e747ee,fbc598264bc1,01335d4f1b0b,43d4e952a176
2026-02-21T17:23:58.968Z [DEBUG] [Lingo.dev] Reloaded metadata: 5 entries
2026-02-21T17:23:58.990Z [INFO] [Lingo.dev] 游댃 Translating 9 hashes to en
2026-02-21T17:23:59.008Z [DEBUG] [Lingo.dev] 游댃 Hashes: 0b054301b57d, 9426f7803679, 4f6d7dfeff4e, 2e29f9a3bbfe, b67939fb9e06, d00c90e747ee, fbc598264bc1, 01335d4f1b0b, 43d4e952a176
2026-02-21T17:23:59.058Z [DEBUG] [Lingo.dev] WebSocket client disconnected. Total clients: 0
2026-02-21T17:23:59.108Z [DEBUG] [Lingo.dev] [IDLE] Server is now idle
2026-02-21T17:24:02.159Z [INFO] [Lingo.dev] 游닌 Received: POST /translations/en
2026-02-21T17:24:02.198Z [INFO] [Lingo.dev] 游댃 Processing: POST /translations/en
2026-02-21T17:24:02.246Z [DEBUG] [Lingo.dev] POST /translations/en
2026-02-21T17:24:02.274Z [DEBUG] [Lingo.dev] Reading request body...
2026-02-21T17:24:02.360Z [DEBUG] [Lingo.dev] Chunk read, body: {"hashes":["2862c9e1b2e4","cd61a944cf48"]}
2026-02-21T17:24:02.462Z [DEBUG] [Lingo.dev] Parsed hashes: 2862c9e1b2e4,cd61a944cf48
2026-02-21T17:24:02.499Z [DEBUG] [Lingo.dev] Reloaded metadata: 5 entries
2026-02-21T17:24:02.549Z [INFO] [Lingo.dev] 游댃 Translating 2 hashes to en
2026-02-21T17:24:02.632Z [DEBUG] [Lingo.dev] 游댃 Hashes: 2862c9e1b2e4, cd61a944cf48
2026-02-21T17:24:02.797Z [DEBUG] [Lingo.dev] [BUSY] Server is now busy (1 active)
2026-02-21T17:24:03.081Z [DEBUG] [Lingo.dev] [IDLE] Server is now idle
2026-02-21T17:24:22.778Z [INFO] [Lingo.dev] 游닌 Received: POST /translations/en
2026-02-21T17:24:22.879Z [INFO] [Lingo.dev] 游댃 Processing: POST /translations/en
2026-02-21T17:24:23.019Z [DEBUG] [Lingo.dev] POST /translations/en
2026-02-21T17:24:23.069Z [DEBUG] [Lingo.dev] Reading request body...
2026-02-21T17:24:23.146Z [DEBUG] [Lingo.dev] Chunk read, body: {"hashes":["2862c9e1b2e4","cd61a944cf48"]}
2026-02-21T17:24:23.186Z [DEBUG] [Lingo.dev] Parsed hashes: 2862c9e1b2e4,cd61a944cf48
2026-02-21T17:24:23.252Z [DEBUG] [Lingo.dev] Reloaded metadata: 5 entries
2026-02-21T17:24:23.336Z [INFO] [Lingo.dev] 游댃 Translating 2 hashes to en
2026-02-21T17:24:23.413Z [DEBUG] [Lingo.dev] 游댃 Hashes: 2862c9e1b2e4, cd61a944cf48
2026-02-21T17:24:23.452Z [DEBUG] [Lingo.dev] [BUSY] Server is now busy (1 active)
2026-02-21T17:24:23.584Z [DEBUG] [Lingo.dev] [IDLE] Server is now idle
2026-02-21T17:24:54.576Z [INFO] [Lingo.dev] 游닌 Received: POST /translations/en
2026-02-21T17:24:54.647Z [INFO] [Lingo.dev] 游댃 Processing: POST /translations/en
2026-02-21T17:24:54.689Z [DEBUG] [Lingo.dev] POST /translations/en
2026-02-21T17:24:54.698Z [DEBUG] [Lingo.dev] Reading request body...
2026-02-21T17:24:54.711Z [DEBUG] [Lingo.dev] Chunk read, body: {"hashes":["2862c9e1b2e4","cd61a944cf48"]}
2026-02-21T17:24:54.732Z [DEBUG] [Lingo.dev] Parsed hashes: 2862c9e1b2e4,cd61a944cf48
2026-02-21T17:24:54.819Z [DEBUG] [Lingo.dev] Reloaded metadata: 5 entries
2026-02-21T17:24:54.912Z [INFO] [Lingo.dev] 游댃 Translating 2 hashes to en
2026-02-21T17:24:54.977Z [DEBUG] [Lingo.dev] 游댃 Hashes: 2862c9e1b2e4, cd61a944cf48
2026-02-21T17:24:55.061Z [DEBUG] [Lingo.dev] [BUSY] Server is now busy (1 active)
2026-02-21T17:24:55.206Z [DEBUG] [Lingo.dev] [IDLE] Server is now idle
2026-02-21T17:25:15.786Z [INFO] [Lingo.dev] 游닌 Received: POST /translations/en
2026-02-21T17:25:15.830Z [INFO] [Lingo.dev] 游댃 Processing: POST /translations/en
2026-02-21T17:25:15.887Z [DEBUG] [Lingo.dev] POST /translations/en
2026-02-21T17:25:15.908Z [DEBUG] [Lingo.dev] Reading request body...
2026-02-21T17:25:15.928Z [DEBUG] [Lingo.dev] Chunk read, body: {"hashes":["2862c9e1b2e4","cd61a944cf48"]}
2026-02-21T17:25:15.964Z [DEBUG] [Lingo.dev] Parsed hashes: 2862c9e1b2e4,cd61a944cf48
2026-02-21T17:25:15.991Z [DEBUG] [Lingo.dev] Reloaded metadata: 5 entries
2026-02-21T17:25:16.209Z [INFO] [Lingo.dev] 游댃 Translating 2 hashes to en
2026-02-21T17:25:16.663Z [DEBUG] [Lingo.dev] 游댃 Hashes: 2862c9e1b2e4, cd61a944cf48
2026-02-21T17:25:16.761Z [DEBUG] [Lingo.dev] [BUSY] Server is now busy (1 active)
2026-02-21T17:25:17.062Z [DEBUG] [Lingo.dev] [IDLE] Server is now idle
2026-02-21T17:25:28.871Z [DEBUG] [Lingo.dev] WebSocket client connected. Total clients: 1
2026-02-21T17:25:29.103Z [INFO] [Lingo.dev] 游닌 Received: OPTIONS /translations/en
2026-02-21T17:25:29.186Z [INFO] [Lingo.dev] 游댃 Processing: OPTIONS /translations/en
2026-02-21T17:25:29.328Z [DEBUG] [Lingo.dev] OPTIONS /translations/en
2026-02-21T17:25:29.362Z [INFO] [Lingo.dev] 游닌 Received: POST /translations/en
2026-02-21T17:25:29.526Z [INFO] [Lingo.dev] 游댃 Processing: POST /translations/en
2026-02-21T17:25:29.543Z [DEBUG] [Lingo.dev] POST /translations/en
2026-02-21T17:25:29.561Z [DEBUG] [Lingo.dev] Reading request body...
2026-02-21T17:25:29.607Z [DEBUG] [Lingo.dev] Chunk read, body: {"hashes":["0b054301b57d","9426f7803679","4f6d7dfeff4e","2e29f9a3bbfe","b67939fb9e06","d00c90e747ee","fbc598264bc1","01335d4f1b0b","43d4e952a176"]}
2026-02-21T17:25:29.659Z [DEBUG] [Lingo.dev] Parsed hashes: 0b054301b57d,9426f7803679,4f6d7dfeff4e,2e29f9a3bbfe,b67939fb9e06,d00c90e747ee,fbc598264bc1,01335d4f1b0b,43d4e952a176
2026-02-21T17:25:29.703Z [DEBUG] [Lingo.dev] Reloaded metadata: 5 entries
2026-02-21T17:25:29.761Z [INFO] [Lingo.dev] 游댃 Translating 9 hashes to en
2026-02-21T17:25:29.795Z [DEBUG] [Lingo.dev] 游댃 Hashes: 0b054301b57d, 9426f7803679, 4f6d7dfeff4e, 2e29f9a3bbfe, b67939fb9e06, d00c90e747ee, fbc598264bc1, 01335d4f1b0b, 43d4e952a176
2026-02-21T17:25:29.823Z [DEBUG] [Lingo.dev] [BUSY] Server is now busy (1 active)
2026-02-21T17:25:29.844Z [DEBUG] [Lingo.dev] [IDLE] Server is now idle
2026-02-21T17:25:30.172Z [DEBUG] [Lingo.dev] WebSocket client connected. Total clients: 2
2026-02-21T17:25:30.584Z [INFO] [Lingo.dev] 游닌 Received: OPTIONS /translations/en
2026-02-21T17:25:30.602Z [INFO] [Lingo.dev] 游댃 Processing: OPTIONS /translations/en
2026-02-21T17:25:30.608Z [DEBUG] [Lingo.dev] OPTIONS /translations/en
2026-02-21T17:25:30.611Z [INFO] [Lingo.dev] 游닌 Received: POST /translations/en
2026-02-21T17:25:30.619Z [INFO] [Lingo.dev] 游댃 Processing: POST /translations/en
2026-02-21T17:25:30.623Z [DEBUG] [Lingo.dev] POST /translations/en
2026-02-21T17:25:30.636Z [DEBUG] [Lingo.dev] Reading request body...
2026-02-21T17:25:30.649Z [DEBUG] [Lingo.dev] Chunk read, body: {"hashes":["0b054301b57d","9426f7803679","4f6d7dfeff4e","2e29f9a3bbfe","b67939fb9e06","d00c90e747ee","fbc598264bc1","01335d4f1b0b","43d4e952a176"]}
2026-02-21T17:25:30.670Z [DEBUG] [Lingo.dev] Parsed hashes: 0b054301b57d,9426f7803679,4f6d7dfeff4e,2e29f9a3bbfe,b67939fb9e06,d00c90e747ee,fbc598264bc1,01335d4f1b0b,43d4e952a176
2026-02-21T17:25:30.692Z [DEBUG] [Lingo.dev] Reloaded metadata: 5 entries
2026-02-21T17:25:30.708Z [INFO] [Lingo.dev] 游댃 Translating 9 hashes to en
2026-02-21T17:25:30.722Z [DEBUG] [Lingo.dev] 游댃 Hashes: 0b054301b57d, 9426f7803679, 4f6d7dfeff4e, 2e29f9a3bbfe, b67939fb9e06, d00c90e747ee, fbc598264bc1, 01335d4f1b0b, 43d4e952a176
2026-02-21T17:25:30.732Z [DEBUG] [Lingo.dev] [BUSY] Server is now busy (1 active)
2026-02-21T17:25:31.110Z [DEBUG] [Lingo.dev] [IDLE] Server is now idle
2026-02-21T17:25:48.749Z [INFO] [Lingo.dev] 游닌 Received: POST /translations/en
2026-02-21T17:25:48.827Z [INFO] [Lingo.dev] 游댃 Processing: POST /translations/en
2026-02-21T17:25:48.877Z [DEBUG] [Lingo.dev] POST /translations/en
2026-02-21T17:25:48.936Z [DEBUG] [Lingo.dev] Reading request body...
2026-02-21T17:25:48.977Z [DEBUG] [Lingo.dev] Chunk read, body: {"hashes":["2862c9e1b2e4","cd61a944cf48"]}
2026-02-21T17:25:49.049Z [DEBUG] [Lingo.dev] Parsed hashes: 2862c9e1b2e4,cd61a944cf48
2026-02-21T17:25:49.087Z [DEBUG] [Lingo.dev] Reloaded metadata: 5 entries
2026-02-21T17:25:49.114Z [INFO] [Lingo.dev] 游댃 Translating 2 hashes to en
2026-02-21T17:25:49.160Z [DEBUG] [Lingo.dev] 游댃 Hashes: 2862c9e1b2e4, cd61a944cf48
2026-02-21T17:25:49.217Z [DEBUG] [Lingo.dev] [BUSY] Server is now busy (1 active)
2026-02-21T17:25:49.250Z [DEBUG] [Lingo.dev] WebSocket client disconnected. Total clients: 1
2026-02-21T17:25:49.331Z [DEBUG] [Lingo.dev] [IDLE] Server is now idle
2026-02-21T17:25:50.205Z [INFO] [Lingo.dev] 游닌 Received: POST /translations/en
2026-02-21T17:25:50.300Z [INFO] [Lingo.dev] 游댃 Processing: POST /translations/en
2026-02-21T17:25:50.537Z [DEBUG] [Lingo.dev] POST /translations/en
2026-02-21T17:25:50.584Z [DEBUG] [Lingo.dev] Reading request body...
2026-02-21T17:25:50.635Z [DEBUG] [Lingo.dev] Chunk read, body: {"hashes":["2862c9e1b2e4","cd61a944cf48"]}
2026-02-21T17:25:50.688Z [DEBUG] [Lingo.dev] Parsed hashes: 2862c9e1b2e4,cd61a944cf48
2026-02-21T17:25:50.720Z [DEBUG] [Lingo.dev] Reloaded metadata: 5 entries
2026-02-21T17:25:50.756Z [INFO] [Lingo.dev] 游댃 Translating 2 hashes to en
2026-02-21T17:25:50.785Z [DEBUG] [Lingo.dev] 游댃 Hashes: 2862c9e1b2e4, cd61a944cf48
2026-02-21T17:25:50.863Z [DEBUG] [Lingo.dev] [BUSY] Server is now busy (1 active)
2026-02-21T17:25:50.959Z [DEBUG] [Lingo.dev] WebSocket client disconnected. Total clients: 0
2026-02-21T17:25:50.989Z [DEBUG] [Lingo.dev] [IDLE] Server is now idle
2026-02-21T17:26:01.914Z [INFO] [Lingo.dev] 游닌 Received: POST /translations/en
2026-02-21T17:26:01.971Z [INFO] [Lingo.dev] 游댃 Processing: POST /translations/en
2026-02-21T17:26:02.115Z [DEBUG] [Lingo.dev] POST /translations/en
2026-02-21T17:26:02.172Z [DEBUG] [Lingo.dev] Reading request body...
2026-02-21T17:26:02.266Z [DEBUG] [Lingo.dev] Chunk read, body: {"hashes":["2862c9e1b2e4","cd61a944cf48"]}
2026-02-21T17:26:02.303Z [DEBUG] [Lingo.dev] Parsed hashes: 2862c9e1b2e4,cd61a944cf48
2026-02-21T17:26:02.392Z [DEBUG] [Lingo.dev] Reloaded metadata: 5 entries
2026-02-21T17:26:02.444Z [INFO] [Lingo.dev] 游댃 Translating 2 hashes to en
2026-02-21T17:26:02.526Z [DEBUG] [Lingo.dev] 游댃 Hashes: 2862c9e1b2e4, cd61a944cf48
2026-02-21T17:26:02.649Z [DEBUG] [Lingo.dev] [BUSY] Server is now busy (1 active)
2026-02-21T17:26:02.733Z [DEBUG] [Lingo.dev] [IDLE] Server is now idle
2026-02-21T17:26:04.630Z [DEBUG] [Lingo.dev] WebSocket client connected. Total clients: 1
2026-02-21T17:26:04.782Z [INFO] [Lingo.dev] 游닌 Received: OPTIONS /translations/en
2026-02-21T17:26:04.903Z [INFO] [Lingo.dev] 游댃 Processing: OPTIONS /translations/en
2026-02-21T17:26:04.917Z [DEBUG] [Lingo.dev] OPTIONS /translations/en
2026-02-21T17:26:04.938Z [INFO] [Lingo.dev] 游닌 Received: POST /translations/en
2026-02-21T17:26:04.964Z [INFO] [Lingo.dev] 游댃 Processing: POST /translations/en
2026-02-21T17:26:05.122Z [DEBUG] [Lingo.dev] POST /translations/en
2026-02-21T17:26:05.137Z [DEBUG] [Lingo.dev] Reading request body...
2026-02-21T17:26:05.282Z [DEBUG] [Lingo.dev] Chunk read, body: {"hashes":["0b054301b57d","9426f7803679","1c1b1599025c","767db59dd383","4f6d7dfeff4e","2e29f9a3bbfe","b67939fb9e06","d00c90e747ee","fbc598264bc1","01335d4f1b0b","43d4e952a176"]}
2026-02-21T17:26:05.337Z [DEBUG] [Lingo.dev] Parsed hashes: 0b054301b57d,9426f7803679,1c1b1599025c,767db59dd383,4f6d7dfeff4e,2e29f9a3bbfe,b67939fb9e06,d00c90e747ee,fbc598264bc1,01335d4f1b0b,43d4e952a176
2026-02-21T17:26:05.399Z [DEBUG] [Lingo.dev] Reloaded metadata: 5 entries
2026-02-21T17:26:05.519Z [INFO] [Lingo.dev] 游댃 Translating 11 hashes to en
2026-02-21T17:26:05.566Z [DEBUG] [Lingo.dev] 游댃 Hashes: 0b054301b57d, 9426f7803679, 1c1b1599025c, 767db59dd383, 4f6d7dfeff4e, 2e29f9a3bbfe, b67939fb9e06, d00c90e747ee, fbc598264bc1, 01335d4f1b0b, 43d4e952a176
2026-02-21T17:26:05.579Z [DEBUG] [Lingo.dev] [BUSY] Server is now busy (1 active)
2026-02-21T17:26:05.621Z [DEBUG] [Lingo.dev] [IDLE] Server is now idle
2026-02-21T17:28:41.252Z [INFO] [Lingo.dev] 游닌 Received: OPTIONS /translations/en
2026-02-21T17:28:41.541Z [INFO] [Lingo.dev] 游댃 Processing: OPTIONS /translations/en
2026-02-21T17:28:41.692Z [DEBUG] [Lingo.dev] OPTIONS /translations/en
2026-02-21T17:28:41.802Z [INFO] [Lingo.dev] 游닌 Received: POST /translations/en
2026-02-21T17:28:42.073Z [INFO] [Lingo.dev] 游댃 Processing: POST /translations/en
2026-02-21T17:28:42.109Z [DEBUG] [Lingo.dev] POST /translations/en
2026-02-21T17:28:42.165Z [DEBUG] [Lingo.dev] Reading request body...
2026-02-21T17:28:42.531Z [DEBUG] [Lingo.dev] Chunk read, body: {"hashes":["2862c9e1b2e4","cd61a944cf48"]}
2026-02-21T17:28:42.722Z [DEBUG] [Lingo.dev] Parsed hashes: 2862c9e1b2e4,cd61a944cf48
2026-02-21T17:28:42.901Z [DEBUG] [Lingo.dev] Reloaded metadata: 5 entries
2026-02-21T17:28:42.933Z [INFO] [Lingo.dev] 游댃 Translating 2 hashes to en
2026-02-21T17:28:42.998Z [DEBUG] [Lingo.dev] 游댃 Hashes: 2862c9e1b2e4, cd61a944cf48
2026-02-21T17:28:43.032Z [DEBUG] [Lingo.dev] [BUSY] Server is now busy (1 active)
2026-02-21T17:28:43.103Z [INFO] [Lingo.dev] 游닌 Received: POST /translations/en
2026-02-21T17:28:43.152Z [INFO] [Lingo.dev] 游댃 Processing: POST /translations/en
2026-02-21T17:28:43.301Z [DEBUG] [Lingo.dev] POST /translations/en
2026-02-21T17:28:43.368Z [DEBUG] [Lingo.dev] Reading request body...
2026-02-21T17:28:43.491Z [DEBUG] [Lingo.dev] Chunk read, body: {"hashes":["0b054301b57d","9426f7803679","1c1b1599025c","767db59dd383","4f6d7dfeff4e","2e29f9a3bbfe","b67939fb9e06","d00c90e747ee","fbc598264bc1","01335d4f1b0b","43d4e952a176"]}
2026-02-21T17:28:43.539Z [DEBUG] [Lingo.dev] Parsed hashes: 0b054301b57d,9426f7803679,1c1b1599025c,767db59dd383,4f6d7dfeff4e,2e29f9a3bbfe,b67939fb9e06,d00c90e747ee,fbc598264bc1,01335d4f1b0b,43d4e952a176
2026-02-21T17:28:43.588Z [DEBUG] [Lingo.dev] Reloaded metadata: 5 entries
2026-02-21T17:28:43.641Z [INFO] [Lingo.dev] 游댃 Translating 11 hashes to en
2026-02-21T17:28:43.853Z [DEBUG] [Lingo.dev] 游댃 Hashes: 0b054301b57d, 9426f7803679, 1c1b1599025c, 767db59dd383, 4f6d7dfeff4e, 2e29f9a3bbfe, b67939fb9e06, d00c90e747ee, fbc598264bc1, 01335d4f1b0b, 43d4e952a176
2026-02-21T17:28:44.115Z [DEBUG] [Lingo.dev] WebSocket client disconnected. Total clients: 0
2026-02-21T17:28:44.458Z [DEBUG] [Lingo.dev] [IDLE] Server is now idle
2026-02-21T17:28:45.401Z [INFO] [Lingo.dev] 游닌 Received: POST /translations/en
2026-02-21T17:28:45.426Z [INFO] [Lingo.dev] 游댃 Processing: POST /translations/en
2026-02-21T17:28:45.436Z [DEBUG] [Lingo.dev] POST /translations/en
2026-02-21T17:28:45.441Z [DEBUG] [Lingo.dev] Reading request body...
2026-02-21T17:28:45.459Z [DEBUG] [Lingo.dev] Chunk read, body: {"hashes":["0b054301b57d","9426f7803679","1c1b1599025c","767db59dd383","4f6d7dfeff4e","2e29f9a3bbfe","b67939fb9e06","d00c90e747ee","fbc598264bc1","01335d4f1b0b","43d4e952a176"]}
2026-02-21T17:28:45.668Z [DEBUG] [Lingo.dev] Parsed hashes: 0b054301b57d,9426f7803679,1c1b1599025c,767db59dd383,4f6d7dfeff4e,2e29f9a3bbfe,b67939fb9e06,d00c90e747ee,fbc598264bc1,01335d4f1b0b,43d4e952a176
2026-02-21T17:28:46.056Z [DEBUG] [Lingo.dev] Reloaded metadata: 5 entries
2026-02-21T17:28:46.198Z [INFO] [Lingo.dev] 游댃 Translating 11 hashes to en
2026-02-21T17:28:46.254Z [DEBUG] [Lingo.dev] 游댃 Hashes: 0b054301b57d, 9426f7803679, 1c1b1599025c, 767db59dd383, 4f6d7dfeff4e, 2e29f9a3bbfe, b67939fb9e06, d00c90e747ee, fbc598264bc1, 01335d4f1b0b, 43d4e952a176
2026-02-21T17:28:46.279Z [DEBUG] [Lingo.dev] [BUSY] Server is now busy (1 active)
2026-02-21T17:28:46.305Z [DEBUG] [Lingo.dev] WebSocket client connected. Total clients: 1
2026-02-21T17:28:46.331Z [DEBUG] [Lingo.dev] [IDLE] Server is now idle
2026-02-21T17:28:47.614Z [DEBUG] [Lingo.dev] WebSocket client connected. Total clients: 2
2026-02-21T17:28:48.580Z [INFO] [Lingo.dev] 游닌 Received: OPTIONS /translations/en
2026-02-21T17:28:48.615Z [INFO] [Lingo.dev] 游댃 Processing: OPTIONS /translations/en
2026-02-21T17:28:48.619Z [DEBUG] [Lingo.dev] OPTIONS /translations/en
2026-02-21T17:28:48.624Z [INFO] [Lingo.dev] 游닌 Received: POST /translations/en
2026-02-21T17:28:48.634Z [INFO] [Lingo.dev] 游댃 Processing: POST /translations/en
2026-02-21T17:28:48.647Z [DEBUG] [Lingo.dev] POST /translations/en
2026-02-21T17:28:48.662Z [DEBUG] [Lingo.dev] Reading request body...
2026-02-21T17:28:48.674Z [DEBUG] [Lingo.dev] Chunk read, body: {"hashes":["0b054301b57d","9426f7803679","1c1b1599025c","767db59dd383","4f6d7dfeff4e","2e29f9a3bbfe","b67939fb9e06","d00c90e747ee","fbc598264bc1","01335d4f1b0b","43d4e952a176"]}
2026-02-21T17:28:48.689Z [DEBUG] [Lingo.dev] Parsed hashes: 0b054301b57d,9426f7803679,1c1b1599025c,767db59dd383,4f6d7dfeff4e,2e29f9a3bbfe,b67939fb9e06,d00c90e747ee,fbc598264bc1,01335d4f1b0b,43d4e952a176
2026-02-21T17:28:48.720Z [DEBUG] [Lingo.dev] Reloaded metadata: 5 entries
2026-02-21T17:28:48.738Z [INFO] [Lingo.dev] 游댃 Translating 11 hashes to en
2026-02-21T17:28:48.754Z [DEBUG] [Lingo.dev] 游댃 Hashes: 0b054301b57d, 9426f7803679, 1c1b1599025c, 767db59dd383, 4f6d7dfeff4e, 2e29f9a3bbfe, b67939fb9e06, d00c90e747ee, fbc598264bc1, 01335d4f1b0b, 43d4e952a176
2026-02-21T17:28:48.770Z [DEBUG] [Lingo.dev] [BUSY] Server is now busy (1 active)
2026-02-21T17:28:49.121Z [DEBUG] [Lingo.dev] [IDLE] Server is now idle
2026-02-21T17:29:16.679Z [INFO] [Lingo.dev] 游닌 Received: POST /translations/en
2026-02-21T17:29:16.829Z [INFO] [Lingo.dev] 游댃 Processing: POST /translations/en
2026-02-21T17:29:16.948Z [DEBUG] [Lingo.dev] POST /translations/en
2026-02-21T17:29:17.002Z [DEBUG] [Lingo.dev] Reading request body...
2026-02-21T17:29:17.061Z [DEBUG] [Lingo.dev] Chunk read, body: {"hashes":["2862c9e1b2e4","cd61a944cf48"]}
2026-02-21T17:29:17.149Z [DEBUG] [Lingo.dev] Parsed hashes: 2862c9e1b2e4,cd61a944cf48
2026-02-21T17:29:17.196Z [DEBUG] [Lingo.dev] Reloaded metadata: 5 entries
2026-02-21T17:29:17.250Z [INFO] [Lingo.dev] 游댃 Translating 2 hashes to en
2026-02-21T17:29:17.308Z [DEBUG] [Lingo.dev] 游댃 Hashes: 2862c9e1b2e4, cd61a944cf48
2026-02-21T17:29:17.432Z [DEBUG] [Lingo.dev] [BUSY] Server is now busy (1 active)
2026-02-21T17:29:17.640Z [DEBUG] [Lingo.dev] WebSocket client disconnected. Total clients: 1
2026-02-21T17:29:17.715Z [DEBUG] [Lingo.dev] [IDLE] Server is now idle
2026-02-21T17:29:35.158Z [INFO] [Lingo.dev] 游닌 Received: POST /translations/en
2026-02-21T17:29:35.233Z [INFO] [Lingo.dev] 游댃 Processing: POST /translations/en
2026-02-21T17:29:35.447Z [DEBUG] [Lingo.dev] POST /translations/en
2026-02-21T17:29:35.565Z [DEBUG] [Lingo.dev] Reading request body...
2026-02-21T17:29:35.624Z [DEBUG] [Lingo.dev] Chunk read, body: {"hashes":["2862c9e1b2e4","cd61a944cf48"]}
2026-02-21T17:29:35.683Z [DEBUG] [Lingo.dev] Parsed hashes: 2862c9e1b2e4,cd61a944cf48
2026-02-21T17:29:35.746Z [DEBUG] [Lingo.dev] Reloaded metadata: 5 entries
2026-02-21T17:29:35.792Z [INFO] [Lingo.dev] 游댃 Translating 2 hashes to en
2026-02-21T17:29:35.829Z [DEBUG] [Lingo.dev] 游댃 Hashes: 2862c9e1b2e4, cd61a944cf48
2026-02-21T17:29:35.860Z [DEBUG] [Lingo.dev] [BUSY] Server is now busy (1 active)
2026-02-21T17:29:35.880Z [DEBUG] [Lingo.dev] WebSocket client disconnected. Total clients: 0
2026-02-21T17:29:35.900Z [DEBUG] [Lingo.dev] [IDLE] Server is now idle
2026-02-21T17:29:44.888Z [INFO] [Lingo.dev] 游닌 Received: POST /translations/en
2026-02-21T17:29:44.958Z [INFO] [Lingo.dev] 游댃 Processing: POST /translations/en
2026-02-21T17:29:44.998Z [DEBUG] [Lingo.dev] POST /translations/en
2026-02-21T17:29:45.055Z [DEBUG] [Lingo.dev] Reading request body...
2026-02-21T17:29:45.109Z [DEBUG] [Lingo.dev] Chunk read, body: {"hashes":["2862c9e1b2e4","cd61a944cf48"]}
2026-02-21T17:29:45.210Z [DEBUG] [Lingo.dev] Parsed hashes: 2862c9e1b2e4,cd61a944cf48
2026-02-21T17:29:45.321Z [DEBUG] [Lingo.dev] Reloaded metadata: 5 entries
2026-02-21T17:29:45.379Z [INFO] [Lingo.dev] 游댃 Translating 2 hashes to en
2026-02-21T17:29:45.473Z [DEBUG] [Lingo.dev] 游댃 Hashes: 2862c9e1b2e4, cd61a944cf48
2026-02-21T17:29:45.661Z [DEBUG] [Lingo.dev] [BUSY] Server is now busy (1 active)
2026-02-21T17:29:45.742Z [DEBUG] [Lingo.dev] [IDLE] Server is now idle
2026-02-21T17:31:18.751Z [INFO] [Lingo.dev] 游닌 Received: POST /translations/en
2026-02-21T17:31:18.862Z [INFO] [Lingo.dev] 游댃 Processing: POST /translations/en
2026-02-21T17:31:18.894Z [DEBUG] [Lingo.dev] POST /translations/en
2026-02-21T17:31:18.942Z [DEBUG] [Lingo.dev] Reading request body...
2026-02-21T17:31:18.996Z [DEBUG] [Lingo.dev] Chunk read, body: {"hashes":["2862c9e1b2e4","cd61a944cf48"]}
2026-02-21T17:31:19.116Z [DEBUG] [Lingo.dev] Parsed hashes: 2862c9e1b2e4,cd61a944cf48
2026-02-21T17:31:19.164Z [DEBUG] [Lingo.dev] Reloaded metadata: 7 entries
2026-02-21T17:31:19.209Z [INFO] [Lingo.dev] 游댃 Translating 2 hashes to en
2026-02-21T17:31:19.246Z [DEBUG] [Lingo.dev] 游댃 Hashes: 2862c9e1b2e4, cd61a944cf48
2026-02-21T17:31:19.300Z [DEBUG] [Lingo.dev] [BUSY] Server is now busy (1 active)
2026-02-21T17:31:19.514Z [DEBUG] [Lingo.dev] [IDLE] Server is now idle
2026-02-21T17:31:32.475Z [INFO] [Lingo.dev] 游닌 Received: POST /translations/en
2026-02-21T17:31:32.751Z [INFO] [Lingo.dev] 游댃 Processing: POST /translations/en
2026-02-21T17:31:32.871Z [DEBUG] [Lingo.dev] POST /translations/en
2026-02-21T17:31:32.946Z [DEBUG] [Lingo.dev] Reading request body...
2026-02-21T17:31:33.189Z [DEBUG] [Lingo.dev] Chunk read, body: {"hashes":["2862c9e1b2e4","cd61a944cf48"]}
2026-02-21T17:31:33.313Z [DEBUG] [Lingo.dev] Parsed hashes: 2862c9e1b2e4,cd61a944cf48
2026-02-21T17:31:33.439Z [DEBUG] [Lingo.dev] Reloaded metadata: 7 entries
2026-02-21T17:31:33.841Z [INFO] [Lingo.dev] 游댃 Translating 2 hashes to en
2026-02-21T17:31:33.939Z [DEBUG] [Lingo.dev] 游댃 Hashes: 2862c9e1b2e4, cd61a944cf48
2026-02-21T17:31:34.111Z [DEBUG] [Lingo.dev] [BUSY] Server is now busy (1 active)
2026-02-21T17:31:34.211Z [DEBUG] [Lingo.dev] [IDLE] Server is now idle
2026-02-21T17:31:34.274Z [INFO] [Lingo.dev] 游닌 Received: POST /translations/en
2026-02-21T17:31:34.346Z [INFO] [Lingo.dev] 游댃 Processing: POST /translations/en
2026-02-21T17:31:34.422Z [DEBUG] [Lingo.dev] POST /translations/en
2026-02-21T17:31:34.494Z [DEBUG] [Lingo.dev] Reading request body...
2026-02-21T17:31:34.589Z [DEBUG] [Lingo.dev] Chunk read, body: {"hashes":["2862c9e1b2e4","cd61a944cf48"]}
2026-02-21T17:31:34.689Z [DEBUG] [Lingo.dev] Parsed hashes: 2862c9e1b2e4,cd61a944cf48
2026-02-21T17:31:34.759Z [DEBUG] [Lingo.dev] Reloaded metadata: 7 entries
2026-02-21T17:31:34.872Z [INFO] [Lingo.dev] 游댃 Translating 2 hashes to en
2026-02-21T17:31:34.941Z [DEBUG] [Lingo.dev] 游댃 Hashes: 2862c9e1b2e4, cd61a944cf48
2026-02-21T17:31:35.006Z [DEBUG] [Lingo.dev] [BUSY] Server is now busy (1 active)
2026-02-21T17:31:35.054Z [DEBUG] [Lingo.dev] [IDLE] Server is now idle
2026-02-21T17:31:45.407Z [INFO] [Lingo.dev] 游닌 Received: POST /translations/en
2026-02-21T17:31:45.598Z [INFO] [Lingo.dev] 游댃 Processing: POST /translations/en
2026-02-21T17:31:46.095Z [DEBUG] [Lingo.dev] POST /translations/en
2026-02-21T17:31:46.174Z [DEBUG] [Lingo.dev] Reading request body...
2026-02-21T17:31:46.427Z [DEBUG] [Lingo.dev] Chunk read, body: {"hashes":["2862c9e1b2e4","cd61a944cf48"]}
2026-02-21T17:31:46.566Z [DEBUG] [Lingo.dev] Parsed hashes: 2862c9e1b2e4,cd61a944cf48
2026-02-21T17:31:46.645Z [DEBUG] [Lingo.dev] Reloaded metadata: 7 entries
2026-02-21T17:31:46.714Z [INFO] [Lingo.dev] 游댃 Translating 2 hashes to en
2026-02-21T17:31:46.789Z [DEBUG] [Lingo.dev] 游댃 Hashes: 2862c9e1b2e4, cd61a944cf48
2026-02-21T17:31:46.841Z [DEBUG] [Lingo.dev] [BUSY] Server is now busy (1 active)
2026-02-21T17:31:46.891Z [INFO] [Lingo.dev] 游닌 Received: POST /translations/en
2026-02-21T17:31:46.960Z [INFO] [Lingo.dev] 游댃 Processing: POST /translations/en
2026-02-21T17:31:46.985Z [DEBUG] [Lingo.dev] POST /translations/en
2026-02-21T17:31:47.014Z [DEBUG] [Lingo.dev] Reading request body...
2026-02-21T17:31:47.077Z [DEBUG] [Lingo.dev] Chunk read, body: {"hashes":["2862c9e1b2e4","cd61a944cf48"]}
2026-02-21T17:31:47.144Z [DEBUG] [Lingo.dev] Parsed hashes: 2862c9e1b2e4,cd61a944cf48
2026-02-21T17:31:47.190Z [DEBUG] [Lingo.dev] Reloaded metadata: 7 entries
2026-02-21T17:31:47.210Z [INFO] [Lingo.dev] 游댃 Translating 2 hashes to en
2026-02-21T17:31:47.219Z [DEBUG] [Lingo.dev] 游댃 Hashes: 2862c9e1b2e4, cd61a944cf48
2026-02-21T17:31:47.258Z [DEBUG] [Lingo.dev] [IDLE] Server is now idle
2026-02-21T17:33:17.193Z [DEBUG] [Lingo.dev] WebSocket client connected. Total clients: 1
2026-02-21T17:33:17.594Z [INFO] [Lingo.dev] 游닌 Received: OPTIONS /translations/en
2026-02-21T17:33:17.597Z [INFO] [Lingo.dev] 游댃 Processing: OPTIONS /translations/en
2026-02-21T17:33:17.612Z [DEBUG] [Lingo.dev] OPTIONS /translations/en
2026-02-21T17:33:17.620Z [INFO] [Lingo.dev] 游닌 Received: POST /translations/en
2026-02-21T17:33:17.635Z [INFO] [Lingo.dev] 游댃 Processing: POST /translations/en
2026-02-21T17:33:17.655Z [DEBUG] [Lingo.dev] POST /translations/en
2026-02-21T17:33:17.669Z [DEBUG] [Lingo.dev] Reading request body...
2026-02-21T17:33:17.694Z [DEBUG] [Lingo.dev] Chunk read, body: {"hashes":["0b054301b57d","9426f7803679","1c1b1599025c","767db59dd383","4f6d7dfeff4e","2e29f9a3bbfe","b67939fb9e06","d00c90e747ee","fbc598264bc1","01335d4f1b0b","43d4e952a176"]}
2026-02-21T17:33:17.708Z [DEBUG] [Lingo.dev] Parsed hashes: 0b054301b57d,9426f7803679,1c1b1599025c,767db59dd383,4f6d7dfeff4e,2e29f9a3bbfe,b67939fb9e06,d00c90e747ee,fbc598264bc1,01335d4f1b0b,43d4e952a176
2026-02-21T17:33:17.738Z [DEBUG] [Lingo.dev] Reloaded metadata: 7 entries
2026-02-21T17:33:17.754Z [INFO] [Lingo.dev] 游댃 Translating 11 hashes to en
2026-02-21T17:33:17.773Z [DEBUG] [Lingo.dev] 游댃 Hashes: 0b054301b57d, 9426f7803679, 1c1b1599025c, 767db59dd383, 4f6d7dfeff4e, 2e29f9a3bbfe, b67939fb9e06, d00c90e747ee, fbc598264bc1, 01335d4f1b0b, 43d4e952a176
2026-02-21T17:33:17.785Z [DEBUG] [Lingo.dev] [BUSY] Server is now busy (1 active)
2026-02-21T17:33:18.130Z [DEBUG] [Lingo.dev] [IDLE] Server is now idle
2026-02-21T17:33:48.419Z [INFO] [Lingo.dev] 游닌 Received: POST /translations/en
2026-02-21T17:33:48.628Z [INFO] [Lingo.dev] 游댃 Processing: POST /translations/en
2026-02-21T17:33:48.768Z [DEBUG] [Lingo.dev] POST /translations/en
2026-02-21T17:33:48.821Z [DEBUG] [Lingo.dev] Reading request body...
2026-02-21T17:33:48.884Z [DEBUG] [Lingo.dev] Chunk read, body: {"hashes":["2862c9e1b2e4","cd61a944cf48"]}
2026-02-21T17:33:48.953Z [DEBUG] [Lingo.dev] Parsed hashes: 2862c9e1b2e4,cd61a944cf48
2026-02-21T17:33:49.015Z [DEBUG] [Lingo.dev] Reloaded metadata: 7 entries
2026-02-21T17:33:49.056Z [INFO] [Lingo.dev] 游댃 Translating 2 hashes to en
2026-02-21T17:33:49.098Z [DEBUG] [Lingo.dev] 游댃 Hashes: 2862c9e1b2e4, cd61a944cf48
2026-02-21T17:33:49.121Z [DEBUG] [Lingo.dev] [BUSY] Server is now busy (1 active)
2026-02-21T17:33:49.203Z [DEBUG] [Lingo.dev] WebSocket client disconnected. Total clients: 0
2026-02-21T17:33:49.255Z [DEBUG] [Lingo.dev] [IDLE] Server is now idle
2026-02-21T17:33:49.808Z [DEBUG] [Lingo.dev] WebSocket client connected. Total clients: 1
2026-02-21T17:33:50.008Z [INFO] [Lingo.dev] 游닌 Received: OPTIONS /translations/en
2026-02-21T17:33:50.012Z [INFO] [Lingo.dev] 游댃 Processing: OPTIONS /translations/en
2026-02-21T17:33:50.027Z [DEBUG] [Lingo.dev] OPTIONS /translations/en
2026-02-21T17:33:50.036Z [INFO] [Lingo.dev] 游닌 Received: POST /translations/en
2026-02-21T17:33:50.063Z [INFO] [Lingo.dev] 游댃 Processing: POST /translations/en
2026-02-21T17:33:50.095Z [DEBUG] [Lingo.dev] POST /translations/en
2026-02-21T17:33:50.132Z [DEBUG] [Lingo.dev] Reading request body...
2026-02-21T17:33:50.151Z [DEBUG] [Lingo.dev] Chunk read, body: {"hashes":["0b054301b57d","9426f7803679","1c1b1599025c","767db59dd383","4f6d7dfeff4e","2e29f9a3bbfe","b67939fb9e06","d00c90e747ee","fbc598264bc1","01335d4f1b0b","43d4e952a176"]}
2026-02-21T17:33:50.160Z [DEBUG] [Lingo.dev] Parsed hashes: 0b054301b57d,9426f7803679,1c1b1599025c,767db59dd383,4f6d7dfeff4e,2e29f9a3bbfe,b67939fb9e06,d00c90e747ee,fbc598264bc1,01335d4f1b0b,43d4e952a176
2026-02-21T17:33:50.176Z [DEBUG] [Lingo.dev] Reloaded metadata: 7 entries
2026-02-21T17:33:50.192Z [INFO] [Lingo.dev] 游댃 Translating 11 hashes to en
2026-02-21T17:33:50.206Z [DEBUG] [Lingo.dev] 游댃 Hashes: 0b054301b57d, 9426f7803679, 1c1b1599025c, 767db59dd383, 4f6d7dfeff4e, 2e29f9a3bbfe, b67939fb9e06, d00c90e747ee, fbc598264bc1, 01335d4f1b0b, 43d4e952a176
2026-02-21T17:33:50.226Z [DEBUG] [Lingo.dev] [BUSY] Server is now busy (1 active)
2026-02-21T17:33:50.535Z [DEBUG] [Lingo.dev] [IDLE] Server is now idle
2026-02-21T17:33:53.752Z [INFO] [Lingo.dev] 游닌 Received: POST /translations/en
2026-02-21T17:33:53.789Z [INFO] [Lingo.dev] 游댃 Processing: POST /translations/en
2026-02-21T17:33:53.939Z [DEBUG] [Lingo.dev] POST /translations/en
2026-02-21T17:33:54.034Z [DEBUG] [Lingo.dev] Reading request body...
2026-02-21T17:33:54.095Z [DEBUG] [Lingo.dev] Chunk read, body: {"hashes":["2862c9e1b2e4","cd61a944cf48"]}
2026-02-21T17:33:54.122Z [DEBUG] [Lingo.dev] Parsed hashes: 2862c9e1b2e4,cd61a944cf48
2026-02-21T17:33:54.149Z [DEBUG] [Lingo.dev] Reloaded metadata: 7 entries
2026-02-21T17:33:54.175Z [INFO] [Lingo.dev] 游댃 Translating 2 hashes to en
2026-02-21T17:33:54.203Z [DEBUG] [Lingo.dev] 游댃 Hashes: 2862c9e1b2e4, cd61a944cf48
2026-02-21T17:33:54.316Z [DEBUG] [Lingo.dev] [BUSY] Server is now busy (1 active)
2026-02-21T17:33:54.349Z [INFO] [Lingo.dev] 游닌 Received: POST /translations/en
2026-02-21T17:33:54.365Z [INFO] [Lingo.dev] 游댃 Processing: POST /translations/en
2026-02-21T17:33:54.381Z [DEBUG] [Lingo.dev] POST /translations/en
2026-02-21T17:33:54.394Z [DEBUG] [Lingo.dev] Reading request body...
2026-02-21T17:33:54.414Z [DEBUG] [Lingo.dev] Chunk read, body: {"hashes":["07355b88c392"]}
2026-02-21T17:33:54.434Z [DEBUG] [Lingo.dev] Parsed hashes: 07355b88c392
2026-02-21T17:33:54.457Z [DEBUG] [Lingo.dev] Reloaded metadata: 7 entries
2026-02-21T17:33:54.469Z [INFO] [Lingo.dev] 游댃 Translating 1 hashes to en
2026-02-21T17:33:54.485Z [DEBUG] [Lingo.dev] 游댃 Hashes: 07355b88c392
2026-02-21T17:33:54.498Z [INFO] [Lingo.dev] 游닌 Received: POST /translations/en
2026-02-21T17:33:54.527Z [INFO] [Lingo.dev] 游댃 Processing: POST /translations/en
2026-02-21T17:33:54.554Z [DEBUG] [Lingo.dev] POST /translations/en
2026-02-21T17:33:54.572Z [DEBUG] [Lingo.dev] Reading request body...
2026-02-21T17:33:54.601Z [DEBUG] [Lingo.dev] Chunk read, body: {"hashes":["07355b88c392"]}
2026-02-21T17:33:54.625Z [DEBUG] [Lingo.dev] Parsed hashes: 07355b88c392
2026-02-21T17:33:54.646Z [DEBUG] [Lingo.dev] Reloaded metadata: 7 entries
2026-02-21T17:33:54.656Z [INFO] [Lingo.dev] 游댃 Translating 1 hashes to en
2026-02-21T17:33:54.667Z [DEBUG] [Lingo.dev] 游댃 Hashes: 07355b88c392
2026-02-21T17:33:54.680Z [INFO] [Lingo.dev] 游닌 Received: POST /translations/en
2026-02-21T17:33:54.690Z [INFO] [Lingo.dev] 游댃 Processing: POST /translations/en
2026-02-21T17:33:54.705Z [DEBUG] [Lingo.dev] POST /translations/en
2026-02-21T17:33:54.716Z [DEBUG] [Lingo.dev] Reading request body...
2026-02-21T17:33:54.737Z [DEBUG] [Lingo.dev] Chunk read, body: {"hashes":["07355b88c392"]}
2026-02-21T17:33:54.749Z [DEBUG] [Lingo.dev] Parsed hashes: 07355b88c392
2026-02-21T17:33:54.758Z [DEBUG] [Lingo.dev] Reloaded metadata: 7 entries
2026-02-21T17:33:54.770Z [INFO] [Lingo.dev] 游댃 Translating 1 hashes to en
2026-02-21T17:33:54.780Z [DEBUG] [Lingo.dev] 游댃 Hashes: 07355b88c392
2026-02-21T17:33:54.793Z [INFO] [Lingo.dev] 游닌 Received: POST /translations/en
2026-02-21T17:33:54.805Z [INFO] [Lingo.dev] 游댃 Processing: POST /translations/en
2026-02-21T17:33:54.821Z [DEBUG] [Lingo.dev] POST /translations/en
2026-02-21T17:33:54.833Z [DEBUG] [Lingo.dev] Reading request body...
2026-02-21T17:33:54.847Z [DEBUG] [Lingo.dev] Chunk read, body: {"hashes":["07355b88c392"]}
2026-02-21T17:33:54.862Z [DEBUG] [Lingo.dev] Parsed hashes: 07355b88c392
2026-02-21T17:33:54.869Z [DEBUG] [Lingo.dev] Reloaded metadata: 7 entries
2026-02-21T17:33:54.881Z [INFO] [Lingo.dev] 游댃 Translating 1 hashes to en
2026-02-21T17:33:54.895Z [DEBUG] [Lingo.dev] 游댃 Hashes: 07355b88c392
2026-02-21T17:33:54.907Z [INFO] [Lingo.dev] 游닌 Received: POST /translations/en
2026-02-21T17:33:54.919Z [INFO] [Lingo.dev] 游댃 Processing: POST /translations/en
2026-02-21T17:33:54.932Z [DEBUG] [Lingo.dev] POST /translations/en
2026-02-21T17:33:54.942Z [DEBUG] [Lingo.dev] Reading request body...
2026-02-21T17:33:54.952Z [DEBUG] [Lingo.dev] Chunk read, body: {"hashes":["07355b88c392"]}
2026-02-21T17:33:54.977Z [DEBUG] [Lingo.dev] Parsed hashes: 07355b88c392
2026-02-21T17:33:54.987Z [DEBUG] [Lingo.dev] Reloaded metadata: 7 entries
2026-02-21T17:33:55.002Z [INFO] [Lingo.dev] 游댃 Translating 1 hashes to en
2026-02-21T17:33:55.012Z [DEBUG] [Lingo.dev] 游댃 Hashes: 07355b88c392
2026-02-21T17:33:55.027Z [INFO] [Lingo.dev] 游닌 Received: POST /translations/en
2026-02-21T17:33:55.034Z [INFO] [Lingo.dev] 游댃 Processing: POST /translations/en
2026-02-21T17:33:55.045Z [DEBUG] [Lingo.dev] POST /translations/en
2026-02-21T17:33:55.057Z [DEBUG] [Lingo.dev] Reading request body...
2026-02-21T17:33:55.070Z [DEBUG] [Lingo.dev] Chunk read, body: {"hashes":["07355b88c392"]}
2026-02-21T17:33:55.084Z [DEBUG] [Lingo.dev] Parsed hashes: 07355b88c392
2026-02-21T17:33:55.094Z [DEBUG] [Lingo.dev] Reloaded metadata: 7 entries
2026-02-21T17:33:55.103Z [INFO] [Lingo.dev] 游댃 Translating 1 hashes to en
2026-02-21T17:33:55.113Z [DEBUG] [Lingo.dev] 游댃 Hashes: 07355b88c392
2026-02-21T17:33:55.124Z [DEBUG] [Lingo.dev] [IDLE] Server is now idle
2026-02-21T17:34:27.381Z [INFO] [Lingo.dev] 游닌 Received: POST /translations/en
2026-02-21T17:34:27.409Z [INFO] [Lingo.dev] 游댃 Processing: POST /translations/en
2026-02-21T17:34:27.417Z [DEBUG] [Lingo.dev] POST /translations/en
2026-02-21T17:34:27.457Z [DEBUG] [Lingo.dev] Reading request body...
2026-02-21T17:34:27.481Z [DEBUG] [Lingo.dev] Chunk read, body: {"hashes":["4c942e4dbefb"]}
2026-02-21T17:34:27.560Z [DEBUG] [Lingo.dev] Parsed hashes: 4c942e4dbefb
2026-02-21T17:34:27.594Z [DEBUG] [Lingo.dev] Reloaded metadata: 20 entries
2026-02-21T17:34:27.648Z [INFO] [Lingo.dev] 游댃 Translating 1 hashes to en
2026-02-21T17:34:27.665Z [DEBUG] [Lingo.dev] 游댃 Hashes: 4c942e4dbefb
2026-02-21T17:34:27.696Z [DEBUG] [Lingo.dev] [BUSY] Server is now busy (1 active)
2026-02-21T17:34:27.782Z [INFO] [Lingo.dev] 游닌 Received: POST /translations/en
2026-02-21T17:34:27.823Z [INFO] [Lingo.dev] 游댃 Processing: POST /translations/en
2026-02-21T17:34:27.892Z [DEBUG] [Lingo.dev] POST /translations/en
2026-02-21T17:34:27.926Z [DEBUG] [Lingo.dev] Reading request body...
2026-02-21T17:34:27.934Z [DEBUG] [Lingo.dev] Chunk read, body: {"hashes":["2862c9e1b2e4","cd61a944cf48"]}
2026-02-21T17:34:27.945Z [DEBUG] [Lingo.dev] Parsed hashes: 2862c9e1b2e4,cd61a944cf48
2026-02-21T17:34:27.976Z [DEBUG] [Lingo.dev] Reloaded metadata: 20 entries
2026-02-21T17:34:28.026Z [INFO] [Lingo.dev] 游댃 Translating 2 hashes to en
2026-02-21T17:34:28.047Z [DEBUG] [Lingo.dev] 游댃 Hashes: 2862c9e1b2e4, cd61a944cf48
2026-02-21T17:34:28.096Z [DEBUG] [Lingo.dev] [IDLE] Server is now idle
2026-02-21T17:34:28.169Z [INFO] [Lingo.dev] 游닌 Received: OPTIONS /translations/en
2026-02-21T17:34:28.207Z [INFO] [Lingo.dev] 游댃 Processing: OPTIONS /translations/en
2026-02-21T17:34:28.236Z [DEBUG] [Lingo.dev] OPTIONS /translations/en
2026-02-21T17:34:28.262Z [INFO] [Lingo.dev] 游닌 Received: POST /translations/en
2026-02-21T17:34:28.276Z [INFO] [Lingo.dev] 游댃 Processing: POST /translations/en
2026-02-21T17:34:28.291Z [DEBUG] [Lingo.dev] POST /translations/en
2026-02-21T17:34:28.303Z [DEBUG] [Lingo.dev] Reading request body...
2026-02-21T17:34:28.315Z [DEBUG] [Lingo.dev] Chunk read, body: {"hashes":["94b9f9f52fa9","b24f016ea03b","89ff8d388b61","1cabcb47cff7","d19bf32bb996","f971a3a4315d","549a339ce2bf","9ab9060ebe43","e623e9856280","0ba2e78b19a5","b114ee3171ab"]}
2026-02-21T17:34:28.330Z [DEBUG] [Lingo.dev] Parsed hashes: 94b9f9f52fa9,b24f016ea03b,89ff8d388b61,1cabcb47cff7,d19bf32bb996,f971a3a4315d,549a339ce2bf,9ab9060ebe43,e623e9856280,0ba2e78b19a5,b114ee3171ab
2026-02-21T17:34:28.354Z [DEBUG] [Lingo.dev] Reloaded metadata: 20 entries
2026-02-21T17:34:28.379Z [INFO] [Lingo.dev] 游댃 Translating 11 hashes to en
2026-02-21T17:34:28.392Z [DEBUG] [Lingo.dev] 游댃 Hashes: 94b9f9f52fa9, b24f016ea03b, 89ff8d388b61, 1cabcb47cff7, d19bf32bb996, f971a3a4315d, 549a339ce2bf, 9ab9060ebe43, e623e9856280, 0ba2e78b19a5, b114ee3171ab
2026-02-21T17:34:28.400Z [DEBUG] [Lingo.dev] [BUSY] Server is now busy (1 active)
2026-02-21T17:34:28.732Z [DEBUG] [Lingo.dev] [IDLE] Server is now idle
